Determining if the pthread_create exist failed with the following output:
Change Dir: /home/lbf10/ardupilot_ws/build/catkin_tools_prebuild/CMakeFiles/CMakeTmp

Run Build Command:"/usr/bin/make" "cmTC_cacc1/fast"
/usr/bin/make -f CMakeFiles/cmTC_cacc1.dir/build.make CMakeFiles/cmTC_cacc1.dir/build
make[1]: Entering directory '/home/lbf10/ardupilot_ws/build/catkin_tools_prebuild/CMakeFiles/CMakeTmp'
Building C object CMakeFiles/cmTC_cacc1.dir/CheckSymbolExists.c.o
/usr/bin/cc    -o CMakeFiles/cmTC_cacc1.dir/CheckSymbolExists.c.o   -c /home/lbf10/ardupilot_ws/build/catkin_tools_prebuild/CMakeFiles/CMakeTmp/CheckSymbolExists.c
Linking C executable cmTC_cacc1
/usr/bin/cmake -E cmake_link_script CMakeFiles/cmTC_cacc1.dir/link.txt --verbose=1
/usr/bin/cc      -rdynamic CMakeFiles/cmTC_cacc1.dir/CheckSymbolExists.c.o  -o cmTC_cacc1 
CMakeFiles/cmTC_cacc1.dir/CheckSymbolExists.c.o: In function `main':
CheckSymbolExists.c:(.text+0x1b): undefined reference to `pthread_create'
collect2: error: ld returned 1 exit status
CMakeFiles/cmTC_cacc1.dir/build.make:97: recipe for target 'cmTC_cacc1' failed
make[1]: *** [cmTC_cacc1] Error 1
make[1]: Leaving directory '/home/lbf10/ardupilot_ws/build/catkin_tools_prebuild/CMakeFiles/CMakeTmp'
Makefile:126: recipe for target 'cmTC_cacc1/fast' failed
make: *** [cmTC_cacc1/fast] Error 2

File /home/lbf10/ardupilot_ws/build/catkin_tools_prebuild/CMakeFiles/CMakeTmp/CheckSymbolExists.c:
/* */
#include <pthread.h>

int main(int argc, char** argv)
{
  (void)argv;
#ifndef pthread_create
  return ((int*)(&pthread_create))[argc];
#else
  (void)argc;
  return 0;
#endif
}

Determining if the function pthread_create exists in the pthreads failed with the following output:
Change Dir: /home/lbf10/ardupilot_ws/build/catkin_tools_prebuild/CMakeFiles/CMakeTmp

Run Build Command:"/usr/bin/make" "cmTC_fcb82/fast"
/usr/bin/make -f CMakeFiles/cmTC_fcb82.dir/build.make CMakeFiles/cmTC_fcb82.dir/build
make[1]: Entering directory '/home/lbf10/ardupilot_ws/build/catkin_tools_prebuild/CMakeFiles/CMakeTmp'
Building C object CMakeFiles/cmTC_fcb82.dir/CheckFunctionExists.c.o
/usr/bin/cc   -DCHECK_FUNCTION_EXISTS=pthread_create   -o CMakeFiles/cmTC_fcb82.dir/CheckFunctionExists.c.o   -c /usr/share/cmake-3.10/Modules/CheckFunctionExists.c
Linking C executable cmTC_fcb82
/usr/bin/cmake -E cmake_link_script CMakeFiles/cmTC_fcb82.dir/link.txt --verbose=1
/usr/bin/cc  -DCHECK_FUNCTION_EXISTS=pthread_create    -rdynamic CMakeFiles/cmTC_fcb82.dir/CheckFunctionExists.c.o  -o cmTC_fcb82 -lpthreads 
/usr/bin/ld: cannot find -lpthreads
collect2: error: ld returned 1 exit status
CMakeFiles/cmTC_fcb82.dir/build.make:97: recipe for target 'cmTC_fcb82' failed
make[1]: *** [cmTC_fcb82] Error 1
make[1]: Leaving directory '/home/lbf10/ardupilot_ws/build/catkin_tools_prebuild/CMakeFiles/CMakeTmp'
Makefile:126: recipe for target 'cmTC_fcb82/fast' failed
make: *** [cmTC_fcb82/fast] Error 2


