Determining if the pthread_create exist failed with the following output:
Change Dir: /home/lbf10/ardupilot_ws/build/mavros_msgs/CMakeFiles/CMakeTmp

Run Build Command:"/usr/bin/make" "cmTC_e152c/fast"
/usr/bin/make -f CMakeFiles/cmTC_e152c.dir/build.make CMakeFiles/cmTC_e152c.dir/build
make[1]: Entering directory '/home/lbf10/ardupilot_ws/build/mavros_msgs/CMakeFiles/CMakeTmp'
Building C object CMakeFiles/cmTC_e152c.dir/CheckSymbolExists.c.o
/usr/bin/cc    -o CMakeFiles/cmTC_e152c.dir/CheckSymbolExists.c.o   -c /home/lbf10/ardupilot_ws/build/mavros_msgs/CMakeFiles/CMakeTmp/CheckSymbolExists.c
Linking C executable cmTC_e152c
/usr/bin/cmake -E cmake_link_script CMakeFiles/cmTC_e152c.dir/link.txt --verbose=1
/usr/bin/cc      -rdynamic CMakeFiles/cmTC_e152c.dir/CheckSymbolExists.c.o  -o cmTC_e152c 
CMakeFiles/cmTC_e152c.dir/CheckSymbolExists.c.o: In function `main':
CheckSymbolExists.c:(.text+0x1b): undefined reference to `pthread_create'
collect2: error: ld returned 1 exit status
CMakeFiles/cmTC_e152c.dir/build.make:97: recipe for target 'cmTC_e152c' failed
make[1]: *** [cmTC_e152c] Error 1
make[1]: Leaving directory '/home/lbf10/ardupilot_ws/build/mavros_msgs/CMakeFiles/CMakeTmp'
Makefile:126: recipe for target 'cmTC_e152c/fast' failed
make: *** [cmTC_e152c/fast] Error 2

File /home/lbf10/ardupilot_ws/build/mavros_msgs/CMakeFiles/CMakeTmp/CheckSymbolExists.c:
/* */
#include <pthread.h>

int main(int argc, char** argv)
{
  (void)argv;
#ifndef pthread_create
  return ((int*)(&pthread_create))[argc];
#else
  (void)argc;
  return 0;
#endif
}

Determining if the function pthread_create exists in the pthreads failed with the following output:
Change Dir: /home/lbf10/ardupilot_ws/build/mavros_msgs/CMakeFiles/CMakeTmp

Run Build Command:"/usr/bin/make" "cmTC_eab74/fast"
/usr/bin/make -f CMakeFiles/cmTC_eab74.dir/build.make CMakeFiles/cmTC_eab74.dir/build
make[1]: Entering directory '/home/lbf10/ardupilot_ws/build/mavros_msgs/CMakeFiles/CMakeTmp'
Building C object CMakeFiles/cmTC_eab74.dir/CheckFunctionExists.c.o
/usr/bin/cc   -DCHECK_FUNCTION_EXISTS=pthread_create   -o CMakeFiles/cmTC_eab74.dir/CheckFunctionExists.c.o   -c /usr/share/cmake-3.10/Modules/CheckFunctionExists.c
Linking C executable cmTC_eab74
/usr/bin/cmake -E cmake_link_script CMakeFiles/cmTC_eab74.dir/link.txt --verbose=1
/usr/bin/cc  -DCHECK_FUNCTION_EXISTS=pthread_create    -rdynamic CMakeFiles/cmTC_eab74.dir/CheckFunctionExists.c.o  -o cmTC_eab74 -lpthreads 
/usr/bin/ld: cannot find -lpthreads
collect2: error: ld returned 1 exit status
CMakeFiles/cmTC_eab74.dir/build.make:97: recipe for target 'cmTC_eab74' failed
make[1]: *** [cmTC_eab74] Error 1
make[1]: Leaving directory '/home/lbf10/ardupilot_ws/build/mavros_msgs/CMakeFiles/CMakeTmp'
Makefile:126: recipe for target 'cmTC_eab74/fast' failed
make: *** [cmTC_eab74/fast] Error 2


